<?xml version="1.0" encoding="UTF-8"?>
<!-- Generated by org.testng.reporters.JUnitReportReporter -->
<testsuite hostname="CHNSHL631247L" failures="0" tests="1" name="ex_CRUD.POST.Lab271" time="2.927" errors="0" timestamp="2024-06-30T09:35:57 IST" skipped="0">
  <testcase classname="ex_CRUD.POST.Lab271" name="testBDDStylePositive" time="2.927"/>
  <system-out/>
</testsuite> <!-- ex_CRUD.POST.Lab271 -->
