<?xml version="1.0" encoding="UTF-8"?>
<!-- Generated by org.testng.reporters.JUnitReportReporter -->
<testsuite hostname="CHNSHL631247L" failures="0" tests="2" name="ex_CRUD.POST.Lab272" time="4.235" errors="0" timestamp="2024-07-02T08:07:20 IST" skipped="0">
  <testcase classname="ex_CRUD.POST.Lab272" name="NonBDDStylePOSTNegative" time="2.878"/>
  <system-out/>
  <testcase classname="ex_CRUD.POST.Lab272" name="NonBDDStylePOSTPOsitive" time="1.357"/>
  <system-out/>
</testsuite> <!-- ex_CRUD.POST.Lab272 -->
