<?xml version="1.0" encoding="UTF-8"?>
<!-- Generated by org.testng.reporters.JUnitReportReporter -->
<testsuite hostname="CHNSHL631247L" failures="0" tests="1" name="ex_CRUD.GET.BDDStyle.Lab269" time="2.323" errors="0" timestamp="2024-06-29T04:52:29 IST" skipped="0">
  <testcase classname="ex_CRUD.GET.BDDStyle.Lab269" name="getRequestBDD" time="2.323"/>
  <system-out/>
</testsuite> <!-- ex_CRUD.GET.BDDStyle.Lab269 -->
