<?xml version="1.0" encoding="UTF-8"?>
<!-- Generated by org.testng.reporters.JUnitReportReporter -->
<testsuite hostname="CHNSHL631247L" failures="0" tests="1" name="APITESTING.COM.API.ApiProgram1" time="3.427" errors="0" timestamp="2024-06-22T07:10:38 IST" skipped="0">
  <testcase classname="APITESTING.COM.API.ApiProgram1" name="getRequest" time="3.427"/>
</testsuite> <!-- APITESTING.COM.API.ApiProgram1 -->
