<?xml version="1.0" encoding="UTF-8"?>
<!-- Generated by org.testng.reporters.JUnitReportReporter -->
<testsuite hostname="CHNSHL631247L" failures="0" tests="1" name="APITESTING.COM.API.BDDStyle" time="3.442" errors="0" timestamp="2024-06-27T08:29:50 IST" skipped="0">
  <testcase classname="APITESTING.COM.API.BDDStyle" name="getRequestBDD" time="3.442"/>
</testsuite> <!-- APITESTING.COM.API.BDDStyle -->
