<?xml version="1.0" encoding="UTF-8"?>
<!-- Generated by org.testng.reporters.JUnitReportReporter -->
<testsuite hostname="CHNSHL631247L" failures="0" tests="1" name="ex_CRUD.GET.NonBDDStyle.Lab270" time="2.331" errors="0" timestamp="2024-06-29T04:51:41 IST" skipped="0">
  <testcase classname="ex_CRUD.GET.NonBDDStyle.Lab270" name="getRequestNonBDDStyle" time="2.331"/>
  <system-out/>
</testsuite> <!-- ex_CRUD.GET.NonBDDStyle.Lab270 -->
